<?xml version="1.0" encoding="UTF-8"?>
<!-- Generated by org.testng.reporters.JUnitReportReporter -->
<testsuite hostname="Sonalis_AsusVB" failures="0" tests="2" name="TestRuner.RunnerTest" time="8.241" errors="0" timestamp="17 Jan 2024 12:15:18 GMT" skipped="0">
  <testcase classname="TestRuner.RunnerTest" name="runScenario" time="0.293"/>
  <testcase classname="TestRuner.RunnerTest" name="runScenario" time="7.948"/>
</testsuite> <!-- TestRuner.RunnerTest -->
