<?xml version="1.0" encoding="UTF-8"?>
<!-- Generated by org.testng.reporters.JUnitReportReporter -->
<testsuite hostname="Sonalis_AsusVB" failures="0" tests="3" name="TestRuner.RunnerTest" time="8.452" errors="0" timestamp="17 Jan 2024 12:26:22 GMT" skipped="0">
  <testcase classname="TestRuner.RunnerTest" name="runScenario" time="7.775"/>
  <testcase classname="TestRuner.RunnerTest" name="runScenario" time="0.337"/>
  <testcase classname="TestRuner.RunnerTest" name="runScenario" time="0.340"/>
</testsuite> <!-- TestRuner.RunnerTest -->
