<?xml version="1.0" encoding="UTF-8"?>
<!-- Generated by org.testng.reporters.JUnitReportReporter -->
<testsuite hostname="Sonalis_AsusVB" failures="0" tests="1" name="TestRuner.RunnerTest" time="7.922" errors="0" timestamp="17 Jan 2024 11:58:37 GMT" skipped="0">
  <testcase classname="TestRuner.RunnerTest" name="runScenario" time="7.922"/>
</testsuite> <!-- TestRuner.RunnerTest -->
